Determining if the pthread_create exist failed with the following output:
Change Dir: /home/youbot/edvall2_catkin/build/CMakeFiles/CMakeTmp

Run Build Command:/usr/bin/make "cmTryCompileExec2534712405/fast"
/usr/bin/make -f CMakeFiles/cmTryCompileExec2534712405.dir/build.make CMakeFiles/cmTryCompileExec2534712405.dir/build
make[1]: Entering directory `/home/youbot/edvall2_catkin/build/CMakeFiles/CMakeTmp'
/usr/bin/cmake -E cmake_progress_report /home/youbot/edvall2_catkin/build/CMakeFiles/CMakeTmp/CMakeFiles 1
Building C object CMakeFiles/cmTryCompileExec2534712405.dir/CheckSymbolExists.c.o
/usr/bin/cc    -o CMakeFiles/cmTryCompileExec2534712405.dir/CheckSymbolExists.c.o   -c /home/youbot/edvall2_catkin/build/CMakeFiles/CMakeTmp/CheckSymbolExists.c
Linking C executable cmTryCompileExec2534712405
/usr/bin/cmake -E cmake_link_script CMakeFiles/cmTryCompileExec2534712405.dir/link.txt --verbose=1
/usr/bin/cc       CMakeFiles/cmTryCompileExec2534712405.dir/CheckSymbolExists.c.o  -o cmTryCompileExec2534712405 -rdynamic 
CMakeFiles/cmTryCompileExec2534712405.dir/CheckSymbolExists.c.o: In function `main':
CheckSymbolExists.c:(.text+0xa): undefined reference to `pthread_create'
collect2: error: ld returned 1 exit status
make[1]: *** [cmTryCompileExec2534712405] Error 1
make[1]: Leaving directory `/home/youbot/edvall2_catkin/build/CMakeFiles/CMakeTmp'
make: *** [cmTryCompileExec2534712405/fast] Error 2

File /home/youbot/edvall2_catkin/build/CMakeFiles/CMakeTmp/CheckSymbolExists.c:
/* */
#include <pthread.h>

int main(int argc, char** argv)
{
  (void)argv;
#ifndef pthread_create
  return ((int*)(&pthread_create))[argc];
#else
  (void)argc;
  return 0;
#endif
}

Determining if the function pthread_create exists in the pthreads failed with the following output:
Change Dir: /home/youbot/edvall2_catkin/build/CMakeFiles/CMakeTmp

Run Build Command:/usr/bin/make "cmTryCompileExec2034110867/fast"
/usr/bin/make -f CMakeFiles/cmTryCompileExec2034110867.dir/build.make CMakeFiles/cmTryCompileExec2034110867.dir/build
make[1]: Entering directory `/home/youbot/edvall2_catkin/build/CMakeFiles/CMakeTmp'
/usr/bin/cmake -E cmake_progress_report /home/youbot/edvall2_catkin/build/CMakeFiles/CMakeTmp/CMakeFiles 1
Building C object CMakeFiles/cmTryCompileExec2034110867.dir/CheckFunctionExists.c.o
/usr/bin/cc   -DCHECK_FUNCTION_EXISTS=pthread_create   -o CMakeFiles/cmTryCompileExec2034110867.dir/CheckFunctionExists.c.o   -c /usr/share/cmake-2.8/Modules/CheckFunctionExists.c
Linking C executable cmTryCompileExec2034110867
/usr/bin/cmake -E cmake_link_script CMakeFiles/cmTryCompileExec2034110867.dir/link.txt --verbose=1
/usr/bin/cc   -DCHECK_FUNCTION_EXISTS=pthread_create    CMakeFiles/cmTryCompileExec2034110867.dir/CheckFunctionExists.c.o  -o cmTryCompileExec2034110867 -rdynamic -lpthreads 
/usr/bin/ld: cannot find -lpthreads
collect2: error: ld returned 1 exit status
make[1]: *** [cmTryCompileExec2034110867] Error 1
make[1]: Leaving directory `/home/youbot/edvall2_catkin/build/CMakeFiles/CMakeTmp'
make: *** [cmTryCompileExec2034110867/fast] Error 2


